<?xml version="1.0" encoding="UTF-8"?>
<!-- Generated by org.testng.reporters.JUnitXMLReporter -->
<testsuite hostname="LAPTOP-URB4SGTG" ignored="0" name="Test" tests="3" failures="0" timestamp="2020-10-28T13:24:47 IST" time="28.813" errors="0">
  <testcase name="loginWithInvalidData" time="1.191" classname="testcase.LoginWithInvalidData"/>
  <testcase name="creatingLead" time="8.626" classname="testcase.LoginAndCreateLead"/>
  <testcase name="creatingLead" time="10.509" classname="testcase.LoginAndCreateLead"/>
</testsuite> <!-- Test -->
